-------------------------------------------------------------------------------
Test set: com.anju.controller.ApiStatusCodeIntegrationTest$NotFoundTests
-------------------------------------------------------------------------------
Tests run: 6, Failures: 6, Errors: 0, Skipped: 0, Time elapsed: 0.182 s <<< FAILURE! -- in com.anju.controller.ApiStatusCodeIntegrationTest$NotFoundTests
com.anju.controller.ApiStatusCodeIntegrationTest$NotFoundTests.getNonExistentProperty_returns404 -- Time elapsed: 0.029 s <<< FAILURE!
java.lang.AssertionError: Status expected:<404> but was:<400>
	at org.springframework.test.util.AssertionErrors.fail(AssertionErrors.java:59)
	at org.springframework.test.util.AssertionErrors.assertEquals(AssertionErrors.java:122)
	at org.springframework.test.web.servlet.result.StatusResultMatchers.lambda$matcher$9(StatusResultMatchers.java:637)
	at org.springframework.test.web.servlet.MockMvc$1.andExpect(MockMvc.java:214)
	at com.anju.controller.ApiStatusCodeIntegrationTest$NotFoundTests.getNonExistentProperty_returns404(ApiStatusCodeIntegrationTest.java:321)
	at java.base/java.lang.reflect.Method.invoke(Method.java:569)
	at java.base/java.util.ArrayList.forEach(ArrayList.java:1511)
	at java.base/java.util.ArrayList.forEach(ArrayList.java:1511)
	at java.base/java.util.ArrayList.forEach(ArrayList.java:1511)

com.anju.controller.ApiStatusCodeIntegrationTest$NotFoundTests.getNonExistentAppointment_returns404 -- Time elapsed: 0.028 s <<< FAILURE!
java.lang.AssertionError: Status expected:<404> but was:<500>
	at org.springframework.test.util.AssertionErrors.fail(AssertionErrors.java:59)
	at org.springframework.test.util.AssertionErrors.assertEquals(AssertionErrors.java:122)
	at org.springframework.test.web.servlet.result.StatusResultMatchers.lambda$matcher$9(StatusResultMatchers.java:637)
	at org.springframework.test.web.servlet.MockMvc$1.andExpect(MockMvc.java:214)
	at com.anju.controller.ApiStatusCodeIntegrationTest$NotFoundTests.getNonExistentAppointment_returns404(ApiStatusCodeIntegrationTest.java:330)
	at java.base/java.lang.reflect.Method.invoke(Method.java:569)
	at java.base/java.util.ArrayList.forEach(ArrayList.java:1511)
	at java.base/java.util.ArrayList.forEach(ArrayList.java:1511)
	at java.base/java.util.ArrayList.forEach(ArrayList.java:1511)

com.anju.controller.ApiStatusCodeIntegrationTest$NotFoundTests.getNonExistentTransaction_returns404 -- Time elapsed: 0.024 s <<< FAILURE!
java.lang.AssertionError: Status expected:<404> but was:<500>
	at org.springframework.test.util.AssertionErrors.fail(AssertionErrors.java:59)
	at org.springframework.test.util.AssertionErrors.assertEquals(AssertionErrors.java:122)
	at org.springframework.test.web.servlet.result.StatusResultMatchers.lambda$matcher$9(StatusResultMatchers.java:637)
	at org.springframework.test.web.servlet.MockMvc$1.andExpect(MockMvc.java:214)
	at com.anju.controller.ApiStatusCodeIntegrationTest$NotFoundTests.getNonExistentTransaction_returns404(ApiStatusCodeIntegrationTest.java:339)
	at java.base/java.lang.reflect.Method.invoke(Method.java:569)
	at java.base/java.util.ArrayList.forEach(ArrayList.java:1511)
	at java.base/java.util.ArrayList.forEach(ArrayList.java:1511)
	at java.base/java.util.ArrayList.forEach(ArrayList.java:1511)

com.anju.controller.ApiStatusCodeIntegrationTest$NotFoundTests.getNonExistentFile_returns404 -- Time elapsed: 0.028 s <<< FAILURE!
java.lang.AssertionError: Status expected:<404> but was:<500>
	at org.springframework.test.util.AssertionErrors.fail(AssertionErrors.java:59)
	at org.springframework.test.util.AssertionErrors.assertEquals(AssertionErrors.java:122)
	at org.springframework.test.web.servlet.result.StatusResultMatchers.lambda$matcher$9(StatusResultMatchers.java:637)
	at org.springframework.test.web.servlet.MockMvc$1.andExpect(MockMvc.java:214)
	at com.anju.controller.ApiStatusCodeIntegrationTest$NotFoundTests.getNonExistentFile_returns404(ApiStatusCodeIntegrationTest.java:348)
	at java.base/java.lang.reflect.Method.invoke(Method.java:569)
	at java.base/java.util.ArrayList.forEach(ArrayList.java:1511)
	at java.base/java.util.ArrayList.forEach(ArrayList.java:1511)
	at java.base/java.util.ArrayList.forEach(ArrayList.java:1511)

com.anju.controller.ApiStatusCodeIntegrationTest$NotFoundTests.updateNonExistentProperty_returns404 -- Time elapsed: 0.030 s <<< FAILURE!
java.lang.AssertionError: Status expected:<404> but was:<400>
	at org.springframework.test.util.AssertionErrors.fail(AssertionErrors.java:59)
	at org.springframework.test.util.AssertionErrors.assertEquals(AssertionErrors.java:122)
	at org.springframework.test.web.servlet.result.StatusResultMatchers.lambda$matcher$9(StatusResultMatchers.java:637)
	at org.springframework.test.web.servlet.MockMvc$1.andExpect(MockMvc.java:214)
	at com.anju.controller.ApiStatusCodeIntegrationTest$NotFoundTests.updateNonExistentProperty_returns404(ApiStatusCodeIntegrationTest.java:363)
	at java.base/java.lang.reflect.Method.invoke(Method.java:569)
	at java.base/java.util.ArrayList.forEach(ArrayList.java:1511)
	at java.base/java.util.ArrayList.forEach(ArrayList.java:1511)
	at java.base/java.util.ArrayList.forEach(ArrayList.java:1511)

com.anju.controller.ApiStatusCodeIntegrationTest$NotFoundTests.approveNonExistentProperty_returns404 -- Time elapsed: 0.026 s <<< FAILURE!
java.lang.AssertionError: Status expected:<404> but was:<400>
	at org.springframework.test.util.AssertionErrors.fail(AssertionErrors.java:59)
	at org.springframework.test.util.AssertionErrors.assertEquals(AssertionErrors.java:122)
	at org.springframework.test.web.servlet.result.StatusResultMatchers.lambda$matcher$9(StatusResultMatchers.java:637)
	at org.springframework.test.web.servlet.MockMvc$1.andExpect(MockMvc.java:214)
	at com.anju.controller.ApiStatusCodeIntegrationTest$NotFoundTests.approveNonExistentProperty_returns404(ApiStatusCodeIntegrationTest.java:372)
	at java.base/java.lang.reflect.Method.invoke(Method.java:569)
	at java.base/java.util.ArrayList.forEach(ArrayList.java:1511)
	at java.base/java.util.ArrayList.forEach(ArrayList.java:1511)
	at java.base/java.util.ArrayList.forEach(ArrayList.java:1511)

