-------------------------------------------------------------------------------
Test set: com.anju.controller.ApiStatusCodeIntegrationTest$ConflictTests
-------------------------------------------------------------------------------
Tests run: 4, Failures: 4, Errors: 0, Skipped: 0, Time elapsed: 0.175 s <<< FAILURE! -- in com.anju.controller.ApiStatusCodeIntegrationTest$ConflictTests
com.anju.controller.ApiStatusCodeIntegrationTest$ConflictTests.duplicateUniqueCode_returns409 -- Time elapsed: 0.063 s <<< FAILURE!
java.lang.AssertionError: Status expected:<409> but was:<400>
	at org.springframework.test.util.AssertionErrors.fail(AssertionErrors.java:59)
	at org.springframework.test.util.AssertionErrors.assertEquals(AssertionErrors.java:122)
	at org.springframework.test.web.servlet.result.StatusResultMatchers.lambda$matcher$9(StatusResultMatchers.java:637)
	at org.springframework.test.web.servlet.MockMvc$1.andExpect(MockMvc.java:214)
	at com.anju.controller.ApiStatusCodeIntegrationTest$ConflictTests.duplicateUniqueCode_returns409(ApiStatusCodeIntegrationTest.java:402)
	at java.base/java.lang.reflect.Method.invoke(Method.java:569)
	at java.base/java.util.ArrayList.forEach(ArrayList.java:1511)
	at java.base/java.util.ArrayList.forEach(ArrayList.java:1511)
	at java.base/java.util.ArrayList.forEach(ArrayList.java:1511)

com.anju.controller.ApiStatusCodeIntegrationTest$ConflictTests.approveAlreadyApproved_returns409 -- Time elapsed: 0.036 s <<< FAILURE!
java.lang.AssertionError: Status expected:<409> but was:<400>
	at org.springframework.test.util.AssertionErrors.fail(AssertionErrors.java:59)
	at org.springframework.test.util.AssertionErrors.assertEquals(AssertionErrors.java:122)
	at org.springframework.test.web.servlet.result.StatusResultMatchers.lambda$matcher$9(StatusResultMatchers.java:637)
	at org.springframework.test.web.servlet.MockMvc$1.andExpect(MockMvc.java:214)
	at com.anju.controller.ApiStatusCodeIntegrationTest$ConflictTests.approveAlreadyApproved_returns409(ApiStatusCodeIntegrationTest.java:418)
	at java.base/java.lang.reflect.Method.invoke(Method.java:569)
	at java.base/java.util.ArrayList.forEach(ArrayList.java:1511)
	at java.base/java.util.ArrayList.forEach(ArrayList.java:1511)
	at java.base/java.util.ArrayList.forEach(ArrayList.java:1511)

com.anju.controller.ApiStatusCodeIntegrationTest$ConflictTests.rejectAlreadyListed_returns409 -- Time elapsed: 0.031 s <<< FAILURE!
java.lang.AssertionError: Status expected:<409> but was:<400>
	at org.springframework.test.util.AssertionErrors.fail(AssertionErrors.java:59)
	at org.springframework.test.util.AssertionErrors.assertEquals(AssertionErrors.java:122)
	at org.springframework.test.web.servlet.result.StatusResultMatchers.lambda$matcher$9(StatusResultMatchers.java:637)
	at org.springframework.test.web.servlet.MockMvc$1.andExpect(MockMvc.java:214)
	at com.anju.controller.ApiStatusCodeIntegrationTest$ConflictTests.rejectAlreadyListed_returns409(ApiStatusCodeIntegrationTest.java:435)
	at java.base/java.lang.reflect.Method.invoke(Method.java:569)
	at java.base/java.util.ArrayList.forEach(ArrayList.java:1511)
	at java.base/java.util.ArrayList.forEach(ArrayList.java:1511)
	at java.base/java.util.ArrayList.forEach(ArrayList.java:1511)

com.anju.controller.ApiStatusCodeIntegrationTest$ConflictTests.delistAlreadyDelisted_returns409 -- Time elapsed: 0.030 s <<< FAILURE!
java.lang.AssertionError: Status expected:<409> but was:<400>
	at org.springframework.test.util.AssertionErrors.fail(AssertionErrors.java:59)
	at org.springframework.test.util.AssertionErrors.assertEquals(AssertionErrors.java:122)
	at org.springframework.test.web.servlet.result.StatusResultMatchers.lambda$matcher$9(StatusResultMatchers.java:637)
	at org.springframework.test.web.servlet.MockMvc$1.andExpect(MockMvc.java:214)
	at com.anju.controller.ApiStatusCodeIntegrationTest$ConflictTests.delistAlreadyDelisted_returns409(ApiStatusCodeIntegrationTest.java:451)
	at java.base/java.lang.reflect.Method.invoke(Method.java:569)
	at java.base/java.util.ArrayList.forEach(ArrayList.java:1511)
	at java.base/java.util.ArrayList.forEach(ArrayList.java:1511)
	at java.base/java.util.ArrayList.forEach(ArrayList.java:1511)

