-------------------------------------------------------------------------------
Test set: com.anju.controller.ApiStatusCodeIntegrationTest$BadRequestTests
-------------------------------------------------------------------------------
Tests run: 3, Failures: 2, Errors: 0, Skipped: 0, Time elapsed: 5.731 s <<< FAILURE! -- in com.anju.controller.ApiStatusCodeIntegrationTest$BadRequestTests
com.anju.controller.ApiStatusCodeIntegrationTest$BadRequestTests.createAppointmentWithPastTime_returns400 -- Time elapsed: 0.052 s <<< FAILURE!
java.lang.AssertionError: Status expected:<400> but was:<403>
	at org.springframework.test.util.AssertionErrors.fail(AssertionErrors.java:59)
	at org.springframework.test.util.AssertionErrors.assertEquals(AssertionErrors.java:122)
	at org.springframework.test.web.servlet.result.StatusResultMatchers.lambda$matcher$9(StatusResultMatchers.java:637)
	at org.springframework.test.web.servlet.MockMvc$1.andExpect(MockMvc.java:214)
	at com.anju.controller.ApiStatusCodeIntegrationTest$BadRequestTests.createAppointmentWithPastTime_returns400(ApiStatusCodeIntegrationTest.java:490)
	at java.base/java.lang.reflect.Method.invoke(Method.java:569)
	at java.base/java.util.ArrayList.forEach(ArrayList.java:1511)
	at java.base/java.util.ArrayList.forEach(ArrayList.java:1511)
	at java.base/java.util.ArrayList.forEach(ArrayList.java:1511)

com.anju.controller.ApiStatusCodeIntegrationTest$BadRequestTests.createAppointmentWithInvalidTimeRange_returns400 -- Time elapsed: 0.028 s <<< FAILURE!
java.lang.AssertionError: Status expected:<400> but was:<403>
	at org.springframework.test.util.AssertionErrors.fail(AssertionErrors.java:59)
	at org.springframework.test.util.AssertionErrors.assertEquals(AssertionErrors.java:122)
	at org.springframework.test.web.servlet.result.StatusResultMatchers.lambda$matcher$9(StatusResultMatchers.java:637)
	at org.springframework.test.web.servlet.MockMvc$1.andExpect(MockMvc.java:214)
	at com.anju.controller.ApiStatusCodeIntegrationTest$BadRequestTests.createAppointmentWithInvalidTimeRange_returns400(ApiStatusCodeIntegrationTest.java:508)
	at java.base/java.lang.reflect.Method.invoke(Method.java:569)
	at java.base/java.util.ArrayList.forEach(ArrayList.java:1511)
	at java.base/java.util.ArrayList.forEach(ArrayList.java:1511)
	at java.base/java.util.ArrayList.forEach(ArrayList.java:1511)

