<?xml version="1.0" encoding="UTF-8"?>
<testsuite xmlns:xsi="http://www.w3.org/2001/XMLSchema-instance" xsi:noNamespaceSchemaLocation="https://maven.apache.org/surefire/maven-surefire-plugin/xsd/surefire-test-report-3.0.xsd" version="3.0" name="com.anju.repository.RepositoryQueryTest$FileRecordRepositoryTests" time="0.051" tests="4" errors="0" skipped="0" failures="0">
  <properties>
[...]
</properties>
  <testcase name="findByLogicalIdAndIsActiveTrue" classname="com.anju.repository.RepositoryQueryTest$FileRecordRepositoryTests" time="0.016">
    <system-out><![CDATA[Hibernate: select al1_0.id,al1_0.entity_id,al1_0.entity_type,al1_0.field_changes,al1_0.ip_address,al1_0.operation,al1_0.operator_id,al1_0.operator_username,al1_0.summary,al1_0.timestamp from audit_logs al1_0
Hibernate: select fr1_0.id,fr1_0.content_disposition,fr1_0.created_at,fr1_0.deleted_at,fr1_0.deleted_by,fr1_0.expiration_time,fr1_0.file_hash,fr1_0.file_type,fr1_0.is_active,fr1_0.is_deleted,fr1_0.logical_id,fr1_0.mime_type,fr1_0.original_name,fr1_0.size,fr1_0.storage_path,fr1_0.updated_at,fr1_0.uploaded_by,fr1_0.version_number from file_records fr1_0
Hibernate: select s1_0.id,s1_0.created_at,s1_0.exception_flag,s1_0.exception_message,s1_0.generated_by,s1_0.invoice_issued_at,s1_0.invoice_reject_reason,s1_0.invoice_rejected_at,s1_0.invoice_requested_at,s1_0.invoice_status,s1_0.net_amount,s1_0.settlement_date,s1_0.total_income,s1_0.total_penalties,s1_0.total_refunds,s1_0.transaction_count,s1_0.updated_at from settlements s1_0
Hibernate: select t1_0.id,t1_0.amount,t1_0.appointment_id,t1_0.channel,t1_0.created_at,t1_0.idempotency_key,t1_0.operator_id,t1_0.original_transaction_id,t1_0.refundable_flag,t1_0.remark,t1_0.timestamp,t1_0.trx_id,t1_0.type from transactions t1_0
Hibernate: select a1_0.id,a1_0.accompanying_staff_id,a1_0.created_at,a1_0.end_time,a1_0.notes,a1_0.operator_id,a1_0.order_amount,a1_0.patient_name,a1_0.penalty_amount,a1_0.reschedule_count,a1_0.resource_id,a1_0.start_time,a1_0.status,a1_0.updated_at from appointments a1_0
Hibernate: select p1_0.id,p1_0.created_at,p1_0.deposit,p1_0.materials_json,p1_0.rent,p1_0.rental_end_date,p1_0.rental_start_date,p1_0.status,p1_0.unique_code,p1_0.updated_at from properties p1_0
Hibernate: insert into file_records (content_disposition,created_at,deleted_at,deleted_by,expiration_time,file_hash,file_type,is_active,is_deleted,logical_id,mime_type,original_name,size,storage_path,updated_at,uploaded_by,version_number,id) values (?,?,?,?,?,?,?,?,?,?,?,?,?,?,?,?,?,default)
Hibernate: insert into file_records (content_disposition,created_at,deleted_at,deleted_by,expiration_time,file_hash,file_type,is_active,is_deleted,logical_id,mime_type,original_name,size,storage_path,updated_at,uploaded_by,version_number,id) values (?,?,?,?,?,?,?,?,?,?,?,?,?,?,?,?,?,default)
Hibernate: select fr1_0.id,fr1_0.content_disposition,fr1_0.created_at,fr1_0.deleted_at,fr1_0.deleted_by,fr1_0.expiration_time,fr1_0.file_hash,fr1_0.file_type,fr1_0.is_active,fr1_0.is_deleted,fr1_0.logical_id,fr1_0.mime_type,fr1_0.original_name,fr1_0.size,fr1_0.storage_path,fr1_0.updated_at,fr1_0.uploaded_by,fr1_0.version_number from file_records fr1_0 where fr1_0.logical_id=? and fr1_0.is_active
]]></system-out>
  </testcase>
  <testcase name="findByIsDeletedTrueAndExpirationTimeBefore" classname="com.anju.repository.RepositoryQueryTest$FileRecordRepositoryTests" time="0.01">
    <system-out><![CDATA[Hibernate: select al1_0.id,al1_0.entity_id,al1_0.entity_type,al1_0.field_changes,al1_0.ip_address,al1_0.operation,al1_0.operator_id,al1_0.operator_username,al1_0.summary,al1_0.timestamp from audit_logs al1_0
Hibernate: select fr1_0.id,fr1_0.content_disposition,fr1_0.created_at,fr1_0.deleted_at,fr1_0.deleted_by,fr1_0.expiration_time,fr1_0.file_hash,fr1_0.file_type,fr1_0.is_active,fr1_0.is_deleted,fr1_0.logical_id,fr1_0.mime_type,fr1_0.original_name,fr1_0.size,fr1_0.storage_path,fr1_0.updated_at,fr1_0.uploaded_by,fr1_0.version_number from file_records fr1_0
Hibernate: select s1_0.id,s1_0.created_at,s1_0.exception_flag,s1_0.exception_message,s1_0.generated_by,s1_0.invoice_issued_at,s1_0.invoice_reject_reason,s1_0.invoice_rejected_at,s1_0.invoice_requested_at,s1_0.invoice_status,s1_0.net_amount,s1_0.settlement_date,s1_0.total_income,s1_0.total_penalties,s1_0.total_refunds,s1_0.transaction_count,s1_0.updated_at from settlements s1_0
Hibernate: select t1_0.id,t1_0.amount,t1_0.appointment_id,t1_0.channel,t1_0.created_at,t1_0.idempotency_key,t1_0.operator_id,t1_0.original_transaction_id,t1_0.refundable_flag,t1_0.remark,t1_0.timestamp,t1_0.trx_id,t1_0.type from transactions t1_0
Hibernate: select a1_0.id,a1_0.accompanying_staff_id,a1_0.created_at,a1_0.end_time,a1_0.notes,a1_0.operator_id,a1_0.order_amount,a1_0.patient_name,a1_0.penalty_amount,a1_0.reschedule_count,a1_0.resource_id,a1_0.start_time,a1_0.status,a1_0.updated_at from appointments a1_0
Hibernate: select p1_0.id,p1_0.created_at,p1_0.deposit,p1_0.materials_json,p1_0.rent,p1_0.rental_end_date,p1_0.rental_start_date,p1_0.status,p1_0.unique_code,p1_0.updated_at from properties p1_0
Hibernate: insert into file_records (content_disposition,created_at,deleted_at,deleted_by,expiration_time,file_hash,file_type,is_active,is_deleted,logical_id,mime_type,original_name,size,storage_path,updated_at,uploaded_by,version_number,id) values (?,?,?,?,?,?,?,?,?,?,?,?,?,?,?,?,?,default)
Hibernate: insert into file_records (content_disposition,created_at,deleted_at,deleted_by,expiration_time,file_hash,file_type,is_active,is_deleted,logical_id,mime_type,original_name,size,storage_path,updated_at,uploaded_by,version_number,id) values (?,?,?,?,?,?,?,?,?,?,?,?,?,?,?,?,?,default)
Hibernate: select fr1_0.id,fr1_0.content_disposition,fr1_0.created_at,fr1_0.deleted_at,fr1_0.deleted_by,fr1_0.expiration_time,fr1_0.file_hash,fr1_0.file_type,fr1_0.is_active,fr1_0.is_deleted,fr1_0.logical_id,fr1_0.mime_type,fr1_0.original_name,fr1_0.size,fr1_0.storage_path,fr1_0.updated_at,fr1_0.uploaded_by,fr1_0.version_number from file_records fr1_0 where fr1_0.is_deleted and fr1_0.expiration_time<?
]]></system-out>
  </testcase>
  <testcase name="findByFileHash" classname="com.anju.repository.RepositoryQueryTest$FileRecordRepositoryTests" time="0.009">
    <system-out><![CDATA[Hibernate: select al1_0.id,al1_0.entity_id,al1_0.entity_type,al1_0.field_changes,al1_0.ip_address,al1_0.operation,al1_0.operator_id,al1_0.operator_username,al1_0.summary,al1_0.timestamp from audit_logs al1_0
Hibernate: select fr1_0.id,fr1_0.content_disposition,fr1_0.created_at,fr1_0.deleted_at,fr1_0.deleted_by,fr1_0.expiration_time,fr1_0.file_hash,fr1_0.file_type,fr1_0.is_active,fr1_0.is_deleted,fr1_0.logical_id,fr1_0.mime_type,fr1_0.original_name,fr1_0.size,fr1_0.storage_path,fr1_0.updated_at,fr1_0.uploaded_by,fr1_0.version_number from file_records fr1_0
Hibernate: select s1_0.id,s1_0.created_at,s1_0.exception_flag,s1_0.exception_message,s1_0.generated_by,s1_0.invoice_issued_at,s1_0.invoice_reject_reason,s1_0.invoice_rejected_at,s1_0.invoice_requested_at,s1_0.invoice_status,s1_0.net_amount,s1_0.settlement_date,s1_0.total_income,s1_0.total_penalties,s1_0.total_refunds,s1_0.transaction_count,s1_0.updated_at from settlements s1_0
Hibernate: select t1_0.id,t1_0.amount,t1_0.appointment_id,t1_0.channel,t1_0.created_at,t1_0.idempotency_key,t1_0.operator_id,t1_0.original_transaction_id,t1_0.refundable_flag,t1_0.remark,t1_0.timestamp,t1_0.trx_id,t1_0.type from transactions t1_0
Hibernate: select a1_0.id,a1_0.accompanying_staff_id,a1_0.created_at,a1_0.end_time,a1_0.notes,a1_0.operator_id,a1_0.order_amount,a1_0.patient_name,a1_0.penalty_amount,a1_0.reschedule_count,a1_0.resource_id,a1_0.start_time,a1_0.status,a1_0.updated_at from appointments a1_0
Hibernate: select p1_0.id,p1_0.created_at,p1_0.deposit,p1_0.materials_json,p1_0.rent,p1_0.rental_end_date,p1_0.rental_start_date,p1_0.status,p1_0.unique_code,p1_0.updated_at from properties p1_0
Hibernate: insert into file_records (content_disposition,created_at,deleted_at,deleted_by,expiration_time,file_hash,file_type,is_active,is_deleted,logical_id,mime_type,original_name,size,storage_path,updated_at,uploaded_by,version_number,id) values (?,?,?,?,?,?,?,?,?,?,?,?,?,?,?,?,?,default)
Hibernate: select fr1_0.id,fr1_0.content_disposition,fr1_0.created_at,fr1_0.deleted_at,fr1_0.deleted_by,fr1_0.expiration_time,fr1_0.file_hash,fr1_0.file_type,fr1_0.is_active,fr1_0.is_deleted,fr1_0.logical_id,fr1_0.mime_type,fr1_0.original_name,fr1_0.size,fr1_0.storage_path,fr1_0.updated_at,fr1_0.uploaded_by,fr1_0.version_number from file_records fr1_0 where fr1_0.file_hash=?
]]></system-out>
  </testcase>
  <testcase name="findByLogicalIdOrderByVersionNumberDesc" classname="com.anju.repository.RepositoryQueryTest$FileRecordRepositoryTests" time="0.009">
    <system-out><![CDATA[Hibernate: select al1_0.id,al1_0.entity_id,al1_0.entity_type,al1_0.field_changes,al1_0.ip_address,al1_0.operation,al1_0.operator_id,al1_0.operator_username,al1_0.summary,al1_0.timestamp from audit_logs al1_0
Hibernate: select fr1_0.id,fr1_0.content_disposition,fr1_0.created_at,fr1_0.deleted_at,fr1_0.deleted_by,fr1_0.expiration_time,fr1_0.file_hash,fr1_0.file_type,fr1_0.is_active,fr1_0.is_deleted,fr1_0.logical_id,fr1_0.mime_type,fr1_0.original_name,fr1_0.size,fr1_0.storage_path,fr1_0.updated_at,fr1_0.uploaded_by,fr1_0.version_number from file_records fr1_0
Hibernate: select s1_0.id,s1_0.created_at,s1_0.exception_flag,s1_0.exception_message,s1_0.generated_by,s1_0.invoice_issued_at,s1_0.invoice_reject_reason,s1_0.invoice_rejected_at,s1_0.invoice_requested_at,s1_0.invoice_status,s1_0.net_amount,s1_0.settlement_date,s1_0.total_income,s1_0.total_penalties,s1_0.total_refunds,s1_0.transaction_count,s1_0.updated_at from settlements s1_0
Hibernate: select t1_0.id,t1_0.amount,t1_0.appointment_id,t1_0.channel,t1_0.created_at,t1_0.idempotency_key,t1_0.operator_id,t1_0.original_transaction_id,t1_0.refundable_flag,t1_0.remark,t1_0.timestamp,t1_0.trx_id,t1_0.type from transactions t1_0
Hibernate: select a1_0.id,a1_0.accompanying_staff_id,a1_0.created_at,a1_0.end_time,a1_0.notes,a1_0.operator_id,a1_0.order_amount,a1_0.patient_name,a1_0.penalty_amount,a1_0.reschedule_count,a1_0.resource_id,a1_0.start_time,a1_0.status,a1_0.updated_at from appointments a1_0
Hibernate: select p1_0.id,p1_0.created_at,p1_0.deposit,p1_0.materials_json,p1_0.rent,p1_0.rental_end_date,p1_0.rental_start_date,p1_0.status,p1_0.unique_code,p1_0.updated_at from properties p1_0
Hibernate: insert into file_records (content_disposition,created_at,deleted_at,deleted_by,expiration_time,file_hash,file_type,is_active,is_deleted,logical_id,mime_type,original_name,size,storage_path,updated_at,uploaded_by,version_number,id) values (?,?,?,?,?,?,?,?,?,?,?,?,?,?,?,?,?,default)
Hibernate: insert into file_records (content_disposition,created_at,deleted_at,deleted_by,expiration_time,file_hash,file_type,is_active,is_deleted,logical_id,mime_type,original_name,size,storage_path,updated_at,uploaded_by,version_number,id) values (?,?,?,?,?,?,?,?,?,?,?,?,?,?,?,?,?,default)
Hibernate: select fr1_0.id,fr1_0.content_disposition,fr1_0.created_at,fr1_0.deleted_at,fr1_0.deleted_by,fr1_0.expiration_time,fr1_0.file_hash,fr1_0.file_type,fr1_0.is_active,fr1_0.is_deleted,fr1_0.logical_id,fr1_0.mime_type,fr1_0.original_name,fr1_0.size,fr1_0.storage_path,fr1_0.updated_at,fr1_0.uploaded_by,fr1_0.version_number from file_records fr1_0 where fr1_0.logical_id=? order by fr1_0.version_number desc
]]></system-out>
  </testcase>
</testsuite>