<?xml version="1.0" encoding="UTF-8"?>
<testsuite xmlns:xsi="http://www.w3.org/2001/XMLSchema-instance" xsi:noNamespaceSchemaLocation="https://maven.apache.org/surefire/maven-surefire-plugin/xsd/surefire-test-report-3.0.xsd" version="3.0" name="com.anju.service.FileCriticalPathTest$ConcurrencyTests" time="0.04" tests="1" errors="0" skipped="0" failures="1">
  <properties>
[...]
</properties>
  <testcase name="handleConcurrentDeleteRequests" classname="com.anju.service.FileCriticalPathTest$ConcurrencyTests" time="0.034">
    <failure message="expected: &lt;1&gt; but was: &lt;5&gt;" type="org.opentest4j.AssertionFailedError"><![CDATA[org.opentest4j.AssertionFailedError: expected: <1> but was: <5>
	at org.junit.jupiter.api.AssertionFailureBuilder.build(AssertionFailureBuilder.java:151)
	at org.junit.jupiter.api.AssertionFailureBuilder.buildAndThrow(AssertionFailureBuilder.java:132)
	at org.junit.jupiter.api.AssertEquals.failNotEqual(AssertEquals.java:197)
	at org.junit.jupiter.api.AssertEquals.assertEquals(AssertEquals.java:150)
	at org.junit.jupiter.api.AssertEquals.assertEquals(AssertEquals.java:145)
	at org.junit.jupiter.api.Assertions.assertEquals(Assertions.java:531)
	at com.anju.service.FileCriticalPathTest$ConcurrencyTests.handleConcurrentDeleteRequests(FileCriticalPathTest.java:423)
	at java.base/java.lang.reflect.Method.invoke(Method.java:569)
	at java.base/java.util.ArrayList.forEach(ArrayList.java:1511)
	at java.base/java.util.ArrayList.forEach(ArrayList.java:1511)
	at java.base/java.util.ArrayList.forEach(ArrayList.java:1511)
]]></failure>
    <system-out><![CDATA[2026-03-25T06:42:55.989+08:00  INFO 99 --- [anju-backend-test] [pool-3-thread-4] com.anju.service.FileService             : File soft deleted: 4, expires at 2026-04-24T06:42:55.981648750
2026-03-25T06:42:55.989+08:00  INFO 99 --- [anju-backend-test] [pool-3-thread-5] com.anju.service.FileService             : File soft deleted: 4, expires at 2026-04-24T06:42:55.981859680
2026-03-25T06:42:55.989+08:00  INFO 99 --- [anju-backend-test] [pool-3-thread-1] com.anju.service.FileService             : File soft deleted: 4, expires at 2026-04-24T06:42:55.981443829
2026-03-25T06:42:55.989+08:00  INFO 99 --- [anju-backend-test] [pool-3-thread-2] com.anju.service.FileService             : File soft deleted: 4, expires at 2026-04-24T06:42:55.980798737
2026-03-25T06:42:55.991+08:00  INFO 99 --- [anju-backend-test] [pool-3-thread-3] com.anju.service.FileService             : File soft deleted: 4, expires at 2026-04-24T06:42:55.981589254
]]></system-out>
  </testcase>
</testsuite>