<?xml version="1.0" encoding="UTF-8"?>
<testsuite xmlns:xsi="http://www.w3.org/2001/XMLSchema-instance" xsi:noNamespaceSchemaLocation="https://maven.apache.org/surefire/maven-surefire-plugin/xsd/surefire-test-report-3.0.xsd" version="3.0" name="com.anju.repository.RepositoryQueryTest$AuditLogRepositoryTests" time="0.359" tests="2" errors="0" skipped="0" failures="0">
  <properties>
[...]
</properties>
  <testcase name="findByOperatorId" classname="com.anju.repository.RepositoryQueryTest$AuditLogRepositoryTests" time="0.015">
    <system-out><![CDATA[2026-03-25T06:42:56.934+08:00  WARN 99 --- [anju-backend-test] [           main] c.a.nacos.client.logging.NacosLogging    : Load Logback Configuration of Nacos fail, message: Could not initialize Logback Nacos logging from classpath:nacos-logback.xml

  .   ____          _            __ _ _
 /\\ / ___'_ __ _ _(_)_ __  __ _ \ \ \ \
( ( )\___ | '_ | '_| | '_ \/ _` | \ \ \ \
 \\/  ___)| |_)| | | | | || (_| |  ) ) ) )
  '  |____| .__|_| |_|_| |_\__, | / / / /
 =========|_|==============|___/=/_/_/_/
 :: Spring Boot ::                (v3.2.0)

2026-03-25T06:42:56.937+08:00  WARN 99 --- [anju-backend-test] [           main] c.a.nacos.client.logging.NacosLogging    : Load Logback Configuration of Nacos fail, message: Could not initialize Logback Nacos logging from classpath:nacos-logback.xml
2026-03-25T06:42:56.938+08:00  INFO 99 --- [anju-backend-test] [           main] c.anju.repository.RepositoryQueryTest    : Starting RepositoryQueryTest using Java 17.0.18 with PID 99 (started by root in /app)
2026-03-25T06:42:56.938+08:00  INFO 99 --- [anju-backend-test] [           main] c.anju.repository.RepositoryQueryTest    : The following 1 profile is active: "test"
2026-03-25T06:42:57.027+08:00  WARN 99 --- [anju-backend-test] [           main] org.hibernate.orm.deprecation            : HHH90000025: H2Dialect does not need to be specified explicitly using 'hibernate.dialect' (remove the property setting and it will be selected by default)
Hibernate: drop table if exists appointments cascade 
Hibernate: drop table if exists audit_logs cascade 
Hibernate: drop table if exists file_records cascade 
Hibernate: drop table if exists properties cascade 
Hibernate: drop table if exists settlements cascade 
Hibernate: drop table if exists transactions cascade 
Hibernate: drop table if exists users cascade 
Hibernate: create table appointments (order_amount numeric(12,2), penalty_amount numeric(12,2), reschedule_count integer, accompanying_staff_id bigint, created_at timestamp(6) not null, end_time timestamp(6) not null, id bigint generated by default as identity, operator_id bigint, resource_id bigint, start_time timestamp(6) not null, updated_at timestamp(6), status varchar(20) not null check (status in ('PENDING','CONFIRMED','IN_PROGRESS','COMPLETED','CANCELLED','NO_SHOW')), patient_name varchar(100), notes TEXT, primary key (id))
Hibernate: create table audit_logs (entity_id bigint, id bigint generated by default as identity, operator_id bigint, timestamp timestamp(6) not null, operation varchar(20) not null, ip_address varchar(45), entity_type varchar(50) not null, operator_username varchar(100), field_changes TEXT, summary TEXT, primary key (id))
Hibernate: create table file_records (is_active boolean, is_deleted boolean, version_number integer not null, created_at timestamp(6) not null, deleted_at timestamp(6), deleted_by bigint, expiration_time timestamp(6), id bigint generated by default as identity, size bigint not null, updated_at timestamp(6), uploaded_by bigint, file_type varchar(50) not null, file_hash varchar(64) not null unique, logical_id varchar(64), mime_type varchar(100), storage_path varchar(500) not null, content_disposition varchar(255), original_name varchar(255) not null, primary key (id))
Hibernate: create table properties (deposit numeric(12,2) not null, rent numeric(12,2) not null, rental_end_date date, rental_start_date date, created_at timestamp(6) not null, id bigint generated by default as identity, updated_at timestamp(6), status varchar(20) not null check (status in ('DRAFT','PENDING_REVIEW','LISTED','DELISTED')), unique_code varchar(50) not null unique, materials_json TEXT, primary key (id))
Hibernate: create table settlements (exception_flag boolean, net_amount numeric(14,2) not null, settlement_date date not null unique, total_income numeric(14,2) not null, total_penalties numeric(14,2) not null, total_refunds numeric(14,2) not null, transaction_count integer, created_at timestamp(6) not null, id bigint generated by default as identity, invoice_issued_at timestamp(6), invoice_rejected_at timestamp(6), invoice_requested_at timestamp(6), updated_at timestamp(6), invoice_status varchar(20) check (invoice_status in ('NOT_REQUESTED','PENDING','ISSUED','REJECTED')), exception_message TEXT, generated_by varchar(255), invoice_reject_reason varchar(255), primary key (id))
Hibernate: create table transactions (amount numeric(14,2) not null, refundable_flag boolean, appointment_id bigint, created_at timestamp(6) not null, id bigint generated by default as identity, operator_id bigint, original_transaction_id bigint, timestamp timestamp(6) not null, channel varchar(20) not null check (channel in ('ALIPAY','WECHAT_MOCK','CASH','BANK_TRANSFER')), type varchar(20) not null check (type in ('PAYMENT','REFUND','PENALTY')), trx_id varchar(64) unique, idempotency_key varchar(128) unique, remark varchar(255), primary key (id))
Hibernate: create table users (created_at timestamp(6) not null, id bigint generated by default as identity, role varchar(20) not null check (role in ('ADMIN','REVIEWER','DISPATCHER','FINANCE','FRONTLINE')), username varchar(50) not null unique, password_hash varchar(255) not null, primary key (id))
Hibernate: create index idx_appointment_time on appointments (start_time, end_time)
Hibernate: create index idx_medical_staff on appointments (accompanying_staff_id)
Hibernate: create index idx_resource on appointments (resource_id)
Hibernate: create index idx_logical_id on file_records (logical_id)
Hibernate: create index idx_is_deleted_expired on file_records (is_deleted, expiration_time)
Hibernate: create index idx_appointment_id on transactions (appointment_id)
Hibernate: create index idx_timestamp on transactions (timestamp)
2026-03-25T06:42:57.234+08:00  INFO 99 --- [anju-backend-test] [           main] c.anju.repository.RepositoryQueryTest    : Started RepositoryQueryTest in 0.326 seconds (process running for 16.544)
Hibernate: select al1_0.id,al1_0.entity_id,al1_0.entity_type,al1_0.field_changes,al1_0.ip_address,al1_0.operation,al1_0.operator_id,al1_0.operator_username,al1_0.summary,al1_0.timestamp from audit_logs al1_0
Hibernate: select fr1_0.id,fr1_0.content_disposition,fr1_0.created_at,fr1_0.deleted_at,fr1_0.deleted_by,fr1_0.expiration_time,fr1_0.file_hash,fr1_0.file_type,fr1_0.is_active,fr1_0.is_deleted,fr1_0.logical_id,fr1_0.mime_type,fr1_0.original_name,fr1_0.size,fr1_0.storage_path,fr1_0.updated_at,fr1_0.uploaded_by,fr1_0.version_number from file_records fr1_0
Hibernate: select s1_0.id,s1_0.created_at,s1_0.exception_flag,s1_0.exception_message,s1_0.generated_by,s1_0.invoice_issued_at,s1_0.invoice_reject_reason,s1_0.invoice_rejected_at,s1_0.invoice_requested_at,s1_0.invoice_status,s1_0.net_amount,s1_0.settlement_date,s1_0.total_income,s1_0.total_penalties,s1_0.total_refunds,s1_0.transaction_count,s1_0.updated_at from settlements s1_0
Hibernate: select t1_0.id,t1_0.amount,t1_0.appointment_id,t1_0.channel,t1_0.created_at,t1_0.idempotency_key,t1_0.operator_id,t1_0.original_transaction_id,t1_0.refundable_flag,t1_0.remark,t1_0.timestamp,t1_0.trx_id,t1_0.type from transactions t1_0
Hibernate: select a1_0.id,a1_0.accompanying_staff_id,a1_0.created_at,a1_0.end_time,a1_0.notes,a1_0.operator_id,a1_0.order_amount,a1_0.patient_name,a1_0.penalty_amount,a1_0.reschedule_count,a1_0.resource_id,a1_0.start_time,a1_0.status,a1_0.updated_at from appointments a1_0
Hibernate: select p1_0.id,p1_0.created_at,p1_0.deposit,p1_0.materials_json,p1_0.rent,p1_0.rental_end_date,p1_0.rental_start_date,p1_0.status,p1_0.unique_code,p1_0.updated_at from properties p1_0
Hibernate: insert into audit_logs (entity_id,entity_type,field_changes,ip_address,operation,operator_id,operator_username,summary,timestamp,id) values (?,?,?,?,?,?,?,?,?,default)
Hibernate: insert into audit_logs (entity_id,entity_type,field_changes,ip_address,operation,operator_id,operator_username,summary,timestamp,id) values (?,?,?,?,?,?,?,?,?,default)
Hibernate: select al1_0.id,al1_0.entity_id,al1_0.entity_type,al1_0.field_changes,al1_0.ip_address,al1_0.operation,al1_0.operator_id,al1_0.operator_username,al1_0.summary,al1_0.timestamp from audit_logs al1_0 where al1_0.operator_id=?
]]></system-out>
  </testcase>
  <testcase name="findByEntityTypeAndEntityId" classname="com.anju.repository.RepositoryQueryTest$AuditLogRepositoryTests" time="0.01">
    <system-out><![CDATA[Hibernate: select al1_0.id,al1_0.entity_id,al1_0.entity_type,al1_0.field_changes,al1_0.ip_address,al1_0.operation,al1_0.operator_id,al1_0.operator_username,al1_0.summary,al1_0.timestamp from audit_logs al1_0
Hibernate: select fr1_0.id,fr1_0.content_disposition,fr1_0.created_at,fr1_0.deleted_at,fr1_0.deleted_by,fr1_0.expiration_time,fr1_0.file_hash,fr1_0.file_type,fr1_0.is_active,fr1_0.is_deleted,fr1_0.logical_id,fr1_0.mime_type,fr1_0.original_name,fr1_0.size,fr1_0.storage_path,fr1_0.updated_at,fr1_0.uploaded_by,fr1_0.version_number from file_records fr1_0
Hibernate: select s1_0.id,s1_0.created_at,s1_0.exception_flag,s1_0.exception_message,s1_0.generated_by,s1_0.invoice_issued_at,s1_0.invoice_reject_reason,s1_0.invoice_rejected_at,s1_0.invoice_requested_at,s1_0.invoice_status,s1_0.net_amount,s1_0.settlement_date,s1_0.total_income,s1_0.total_penalties,s1_0.total_refunds,s1_0.transaction_count,s1_0.updated_at from settlements s1_0
Hibernate: select t1_0.id,t1_0.amount,t1_0.appointment_id,t1_0.channel,t1_0.created_at,t1_0.idempotency_key,t1_0.operator_id,t1_0.original_transaction_id,t1_0.refundable_flag,t1_0.remark,t1_0.timestamp,t1_0.trx_id,t1_0.type from transactions t1_0
Hibernate: select a1_0.id,a1_0.accompanying_staff_id,a1_0.created_at,a1_0.end_time,a1_0.notes,a1_0.operator_id,a1_0.order_amount,a1_0.patient_name,a1_0.penalty_amount,a1_0.reschedule_count,a1_0.resource_id,a1_0.start_time,a1_0.status,a1_0.updated_at from appointments a1_0
Hibernate: select p1_0.id,p1_0.created_at,p1_0.deposit,p1_0.materials_json,p1_0.rent,p1_0.rental_end_date,p1_0.rental_start_date,p1_0.status,p1_0.unique_code,p1_0.updated_at from properties p1_0
Hibernate: insert into audit_logs (entity_id,entity_type,field_changes,ip_address,operation,operator_id,operator_username,summary,timestamp,id) values (?,?,?,?,?,?,?,?,?,default)
Hibernate: select al1_0.id,al1_0.entity_id,al1_0.entity_type,al1_0.field_changes,al1_0.ip_address,al1_0.operation,al1_0.operator_id,al1_0.operator_username,al1_0.summary,al1_0.timestamp from audit_logs al1_0 where al1_0.entity_type=? and al1_0.entity_id=?
]]></system-out>
  </testcase>
</testsuite>